TN:
SF:src/app.js
FN:14,(anonymous_0)
FN:17,(anonymous_1)
FN:39,(anonymous_2)
FN:45,(anonymous_3)
FN:50,(anonymous_4)
FN:61,(anonymous_5)
FN:68,(anonymous_6)
FNF:7
FNH:4
FNDA:1,(anonymous_0)
FNDA:1,(anonymous_1)
FNDA:1,(anonymous_2)
FNDA:0,(anonymous_3)
FNDA:1,(anonymous_4)
FNDA:0,(anonymous_5)
FNDA:0,(anonymous_6)
DA:1,1
DA:2,1
DA:3,1
DA:4,1
DA:5,1
DA:7,1
DA:8,1
DA:10,1
DA:12,1
DA:14,1
DA:15,1
DA:17,1
DA:18,1
DA:19,1
DA:21,1
DA:27,1
DA:29,1
DA:34,1
DA:35,1
DA:36,1
DA:37,1
DA:39,1
DA:40,1
DA:41,1
DA:45,1
DA:46,0
DA:50,1
DA:51,1
DA:55,1
DA:58,1
DA:61,1
DA:62,0
DA:63,0
DA:64,0
DA:68,1
DA:69,0
DA:72,1
LF:37
LH:32
BRF:0
BRH:0
end_of_record
TN:
SF:src/metrics.js
FNF:0
FNH:0
DA:1,1
DA:4,1
DA:5,1
DA:8,1
DA:15,1
DA:22,1
DA:28,1
LF:7
LH:7
BRF:0
BRH:0
end_of_record
TN:
SF:src/swagger.js
FNF:0
FNH:0
DA:1,1
DA:3,1
DA:22,1
DA:24,1
LF:4
LH:4
BRF:0
BRH:0
end_of_record
TN:
SF:src/controllers/clientesController.js
FN:3,listar
FN:8,criar
FNF:2
FNH:0
FNDA:0,listar
FNDA:0,criar
DA:1,1
DA:4,0
DA:5,0
DA:9,0
DA:11,0
DA:12,0
DA:15,0
DA:16,0
DA:17,0
DA:20,0
DA:22,0
DA:25,1
LF:12
LH:2
BRDA:11,0,0,0
BRDA:11,0,1,0
BRDA:11,1,0,0
BRDA:11,1,1,0
BRDA:16,2,0,0
BRDA:16,2,1,0
BRF:6
BRH:0
end_of_record
TN:
SF:src/controllers/pedidosController.js
FN:4,listar
FN:15,criar
FNF:2
FNH:0
FNDA:0,listar
FNDA:0,criar
DA:1,1
DA:2,1
DA:5,0
DA:12,0
DA:16,0
DA:18,0
DA:19,0
DA:24,0
DA:25,0
DA:26,0
DA:29,0
DA:30,0
DA:32,0
DA:33,0
DA:34,0
DA:35,0
DA:38,0
DA:39,0
DA:40,0
DA:41,0
DA:43,0
DA:51,0
DA:57,0
DA:58,0
DA:67,0
DA:74,0
DA:76,0
DA:79,1
LF:28
LH:3
BRDA:18,0,0,0
BRDA:18,0,1,0
BRDA:18,1,0,0
BRDA:18,1,1,0
BRDA:18,1,2,0
BRDA:25,2,0,0
BRDA:25,2,1,0
BRDA:34,3,0,0
BRDA:34,3,1,0
BRDA:38,4,0,0
BRDA:38,4,1,0
BRF:11
BRH:0
end_of_record
TN:
SF:src/controllers/produtosController.js
FN:3,listar
FN:8,criar
FNF:2
FNH:0
FNDA:0,listar
FNDA:0,criar
DA:1,1
DA:4,0
DA:5,0
DA:9,0
DA:11,0
DA:12,0
DA:15,0
DA:17,0
DA:20,1
LF:9
LH:2
BRDA:11,0,0,0
BRDA:11,0,1,0
BRDA:11,1,0,0
BRDA:11,1,1,0
BRF:4
BRH:0
end_of_record
TN:
SF:src/database/sequelize.js
FN:19,connectDB
FN:36,(anonymous_1)
FNF:2
FNH:0
FNDA:0,connectDB
FNDA:0,(anonymous_1)
DA:1,1
DA:2,1
DA:4,1
DA:16,1
DA:17,1
DA:20,0
DA:21,0
DA:22,0
DA:23,0
DA:24,0
DA:25,0
DA:26,0
DA:28,0
DA:29,0
DA:30,0
DA:31,0
DA:32,0
DA:35,0
DA:36,0
DA:41,1
LF:20
LH:6
BRDA:5,0,0,1
BRDA:5,0,1,1
BRDA:6,1,0,1
BRDA:6,1,1,1
BRDA:7,2,0,1
BRDA:7,2,1,1
BRDA:9,3,0,1
BRDA:9,3,1,1
BRDA:10,4,0,1
BRDA:10,4,1,1
BRDA:16,5,0,1
BRDA:16,5,1,1
BRDA:17,6,0,1
BRDA:17,6,1,1
BRDA:19,7,0,0
BRDA:30,8,0,0
BRDA:30,8,1,0
BRF:17
BRH:14
end_of_record
TN:
SF:src/models/index.js
FNF:0
FNH:0
DA:1,1
DA:2,1
DA:4,1
DA:21,1
DA:37,1
DA:54,1
DA:75,1
DA:76,1
DA:78,1
DA:84,1
DA:90,1
LF:11
LH:11
BRF:0
BRH:0
end_of_record
TN:
SF:src/routes/clientesRoutes.js
FNF:0
FNH:0
DA:1,1
DA:2,1
DA:4,1
DA:6,1
DA:7,1
DA:9,1
LF:6
LH:6
BRF:0
BRH:0
end_of_record
TN:
SF:src/routes/index.js
FNF:0
FNH:0
DA:1,1
DA:3,1
DA:4,1
DA:5,1
DA:7,1
DA:9,1
DA:10,1
DA:11,1
DA:13,1
LF:9
LH:9
BRF:0
BRH:0
end_of_record
TN:
SF:src/routes/pedidosRoutes.js
FNF:0
FNH:0
DA:1,1
DA:2,1
DA:4,1
DA:6,1
DA:7,1
DA:9,1
LF:6
LH:6
BRF:0
BRH:0
end_of_record
TN:
SF:src/routes/produtosRoutes.js
FNF:0
FNH:0
DA:1,1
DA:2,1
DA:4,1
DA:6,1
DA:7,1
DA:9,1
LF:6
LH:6
BRF:0
BRH:0
end_of_record
